# JRE version: Java(TM) SE Runtime Environment (7.0_40-b43) (build 1.7.0_40-b43)
# Java VM: Java HotSpot(TM) 64-Bit Server VM (24.0-b56 mixed mode bsd-amd64 compressed oops)
Heap
 PSYoungGen      total 46592K, used 25216K [0x00000007aaa80000, 0x00000007be980000, 0x0000000800000000)
  eden space 24576K, 13% used [0x00000007aaa80000,0x00000007aada7880,0x00000007ac280000)
  from space 22016K, 99% used [0x00000007ac280000,0x00000007ad7f87f8,0x00000007ad800000)
  to   space 151040K, 0% used [0x00000007b5600000,0x00000007b5600000,0x00000007be980000)
 ParOldGen       total 391680K, used 286369K [0x0000000700000000, 0x0000000717e80000, 0x00000007aaa80000)
  object space 391680K, 73% used [0x0000000700000000,0x00000007117a84f0,0x0000000717e80000)
 PSPermGen       total 23552K, used 10872K [0x00000006fae00000, 0x00000006fc500000, 0x0000000700000000)
  object space 23552K, 46% used [0x00000006fae00000,0x00000006fb89e0f0,0x00000006fc500000)
GC Heap History (10 events):
Event: 888.778 GC heap before
{Heap before GC invocations=10 (full 2):
 PSYoungGen      total 153088K, used 152757K [0x00000007aaa80000, 0x00000007bc100000, 0x0000000800000000)
  eden space 59904K, 99% used [0x00000007aaa80000,0x00000007ae4c33d0,0x00000007ae500000)
  from space 93184K, 99% used [0x00000007ae600000,0x00000007b40ea1f0,0x00000007b4100000)
  to   space 112640K, 0% used [0x00000007b5300000,0x00000007b5300000,0x00000007bc100000)
 ParOldGen       total 389120K, used 264232K [0x0000000700000000, 0x0000000717c00000, 0x00000007aaa80000)
  object space 389120K, 67% used [0x0000000700000000,0x000000071020a030,0x0000000717c00000)
 PSPermGen       total 24576K, used 10853K [0x00000006fae00000, 0x00000006fc600000, 0x0000000700000000)
  object space 24576K, 44% used [0x00000006fae00000,0x00000006fb899500,0x00000006fc600000)
Event: 888.839 GC heap after
Heap after GC invocations=10 (full 2):
 PSYoungGen      total 137216K, used 112618K [0x00000007aaa80000, 0x00000007c0500000, 0x0000000800000000)
  eden space 24576K, 0% used [0x00000007aaa80000,0x00000007aaa80000,0x00000007ac280000)
  from space 112640K, 99% used [0x00000007b5300000,0x00000007bc0fa910,0x00000007bc100000)
  to   space 147968K, 0% used [0x00000007ac280000,0x00000007ac280000,0x00000007b5300000)
 ParOldGen       total 389120K, used 297531K [0x0000000700000000, 0x0000000717c00000, 0x00000007aaa80000)
  object space 389120K, 76% used [0x0000000700000000,0x000000071228ec60,0x0000000717c00000)
 PSPermGen       total 24576K, used 10853K [0x00000006fae00000, 0x00000006fc600000, 0x0000000700000000)
  object space 24576K, 44% used [0x00000006fae00000,0x00000006fb899500,0x00000006fc600000)
}
Event: 934.781 GC heap before
{Heap before GC invocations=11 (full 2):
 PSYoungGen      total 137216K, used 137116K [0x00000007aaa80000, 0x00000007c0500000, 0x0000000800000000)
  eden space 24576K, 99% used [0x00000007aaa80000,0x00000007ac26c9d0,0x00000007ac280000)
  from space 112640K, 99% used [0x00000007b5300000,0x00000007bc0fa910,0x00000007bc100000)
  to   space 147968K, 0% used [0x00000007ac280000,0x00000007ac280000,0x00000007b5300000)
 ParOldGen       total 389120K, used 297531K [0x0000000700000000, 0x0000000717c00000, 0x00000007aaa80000)
  object space 389120K, 76% used [0x0000000700000000,0x000000071228ec60,0x0000000717c00000)
 PSPermGen       total 24576K, used 10857K [0x00000006fae00000, 0x00000006fc600000, 0x0000000700000000)
  object space 24576K, 44% used [0x00000006fae00000,0x00000006fb89a640,0x00000006fc600000)
Event: 934.809 GC heap after
Heap after GC invocations=11 (full 2):
 PSYoungGen      total 172544K, used 103113K [0x00000007aaa80000, 0x00000007bf380000, 0x0000000800000000)
  eden space 24576K, 0% used [0x00000007aaa80000,0x00000007aaa80000,0x00000007ac280000)
  from space 147968K, 69% used [0x00000007ac280000,0x00000007b2732598,0x00000007b5300000)
  to   space 156160K, 0% used [0x00000007b5b00000,0x00000007b5b00000,0x00000007bf380000)
 ParOldGen       total 389120K, used 328949K [0x0000000700000000, 0x0000000717c00000, 0x00000007aaa80000)
  object space 389120K, 84% used [0x0000000700000000,0x000000071413d7d0,0x0000000717c00000)
 PSPermGen       total 24576K, used 10857K [0x00000006fae00000, 0x00000006fc600000, 0x0000000700000000)
  object space 24576K, 44% used [0x00000006fae00000,0x00000006fb89a640,0x00000006fc600000)
}
Event: 934.809 GC heap before
{Heap before GC invocations=12 (full 3):
 PSYoungGen      total 172544K, used 103113K [0x00000007aaa80000, 0x00000007bf380000, 0x0000000800000000)
  eden space 24576K, 0% used [0x00000007aaa80000,0x00000007aaa80000,0x00000007ac280000)
  from space 147968K, 69% used [0x00000007ac280000,0x00000007b2732598,0x00000007b5300000)
  to   space 156160K, 0% used [0x00000007b5b00000,0x00000007b5b00000,0x00000007bf380000)
 ParOldGen       total 389120K, used 328949K [0x0000000700000000, 0x0000000717c00000, 0x00000007aaa80000)
  object space 389120K, 84% used [0x0000000700000000,0x000000071413d7d0,0x0000000717c00000)
 PSPermGen       total 24576K, used 10857K [0x00000006fae00000, 0x00000006fc600000, 0x0000000700000000)
  object space 24576K, 44% used [0x00000006fae00000,0x00000006fb89a640,0x00000006fc600000)
Event: 934.860 GC heap after
Heap after GC invocations=12 (full 3):
 PSYoungGen      total 172544K, used 0K [0x00000007aaa80000, 0x00000007bf380000, 0x0000000800000000)
  eden space 24576K, 0% used [0x00000007aaa80000,0x00000007aaa80000,0x00000007ac280000)
  from space 147968K, 0% used [0x00000007ac280000,0x00000007ac280000,0x00000007b5300000)
  to   space 156160K, 0% used [0x00000007b5b00000,0x00000007b5b00000,0x00000007bf380000)
 ParOldGen       total 391680K, used 265039K [0x0000000700000000, 0x0000000717e80000, 0x00000007aaa80000)
  object space 391680K, 67% used [0x0000000700000000,0x00000007102d3d28,0x0000000717e80000)
 PSPermGen       total 23552K, used 10857K [0x00000006fae00000, 0x00000006fc500000, 0x0000000700000000)
  object space 23552K, 46% used [0x00000006fae00000,0x00000006fb89a620,0x00000006fc500000)
}
Event: 978.784 GC heap before
{Heap before GC invocations=13 (full 3):
 PSYoungGen      total 172544K, used 24465K [0x00000007aaa80000, 0x00000007bf380000, 0x0000000800000000)
  eden space 24576K, 99% used [0x00000007aaa80000,0x00000007ac264718,0x00000007ac280000)
  from space 147968K, 0% used [0x00000007ac280000,0x00000007ac280000,0x00000007b5300000)
  to   space 156160K, 0% used [0x00000007b5b00000,0x00000007b5b00000,0x00000007bf380000)
 ParOldGen       total 391680K, used 265039K [0x0000000700000000, 0x0000000717e80000, 0x00000007aaa80000)
  object space 391680K, 67% used [0x0000000700000000,0x00000007102d3d28,0x0000000717e80000)
 PSPermGen       total 23552K, used 10859K [0x00000006fae00000, 0x00000006fc500000, 0x0000000700000000)
  object space 23552K, 46% used [0x00000006fae00000,0x00000006fb89af70,0x00000006fc500000)
Event: 978.788 GC heap after
Heap after GC invocations=13 (full 3):
 PSYoungGen      total 176640K, used 21697K [0x00000007aaa80000, 0x00000007bef80000, 0x0000000800000000)
  eden space 24576K, 0% used [0x00000007aaa80000,0x00000007aaa80000,0x00000007ac280000)
  from space 152064K, 14% used [0x00000007b5b00000,0x00000007b70307e0,0x00000007bef80000)
  to   space 154112K, 0% used [0x00000007ac280000,0x00000007ac280000,0x00000007b5900000)
 ParOldGen       total 391680K, used 265039K [0x0000000700000000, 0x0000000717e80000, 0x00000007aaa80000)
  object space 391680K, 67% used [0x0000000700000000,0x00000007102d3d28,0x0000000717e80000)
 PSPermGen       total 23552K, used 10859K [0x00000006fae00000, 0x00000006fc500000, 0x0000000700000000)
  object space 23552K, 46% used [0x00000006fae00000,0x00000006fb89af70,0x00000006fc500000)
}
Event: 1024.787 GC heap before
{Heap before GC invocations=14 (full 3):
 PSYoungGen      total 176640K, used 46210K [0x00000007aaa80000, 0x00000007bef80000, 0x0000000800000000)
  eden space 24576K, 99% used [0x00000007aaa80000,0x00000007ac2700b0,0x00000007ac280000)
  from space 152064K, 14% used [0x00000007b5b00000,0x00000007b70307e0,0x00000007bef80000)
  to   space 154112K, 0% used [0x00000007ac280000,0x00000007ac280000,0x00000007b5900000)
 ParOldGen       total 391680K, used 265039K [0x0000000700000000, 0x0000000717e80000, 0x00000007aaa80000)
  object space 391680K, 67% used [0x0000000700000000,0x00000007102d3d28,0x0000000717e80000)
 PSPermGen       total 23552K, used 10860K [0x00000006fae00000, 0x00000006fc500000, 0x0000000700000000)
  object space 23552K, 46% used [0x00000006fae00000,0x00000006fb89b270,0x00000006fc500000)
Event: 1024.793 GC heap after
Heap after GC invocations=14 (full 3):
 PSYoungGen      total 46592K, used 21985K [0x00000007aaa80000, 0x00000007be980000, 0x0000000800000000)
  eden space 24576K, 0% used [0x00000007aaa80000,0x00000007aaa80000,0x00000007ac280000)
  from space 22016K, 99% used [0x00000007ac280000,0x00000007ad7f87f8,0x00000007ad800000)
  to   space 151040K, 0% used [0x00000007b5600000,0x00000007b5600000,0x00000007be980000)
 ParOldGen       total 391680K, used 286369K [0x0000000700000000, 0x0000000717e80000, 0x00000007aaa80000)
  object space 391680K, 73% used [0x0000000700000000,0x00000007117a84f0,0x0000000717e80000)
 PSPermGen       total 23552K, used 10860K [0x00000006fae00000, 0x00000006fc500000, 0x0000000700000000)
  object space 23552K, 46% used [0x00000006fae00000,0x00000006fb89b270,0x00000006fc500000)
}

